
> relief-connect@0.1.0 build
> next build --webpack

▲ Next.js 16.2.10 (webpack)

⚠ The "middleware" file convention is deprecated. Please use "proxy" instead. Learn more: https://nextjs.org/docs/messages/middleware-to-proxy
  Creating an optimized production build ...
> [PWA] Compile server
> [PWA] Compile server
> [PWA] Compile client (static)
> [PWA] Auto register service worker with: c:\Users\Admin\Desktop\myproject\relief-connect\node_modules\next-pwa\register.js
> [PWA] Service worker: c:\Users\Admin\Desktop\myproject\relief-connect\public\sw.js
> [PWA]   url: /sw.js
> [PWA]   scope: /
✓ Compiled successfully in 7.5s
  Running TypeScript ...
  Finished TypeScript in 4.9s ...
  Collecting page data using 7 workers ...
  Generating static pages using 7 workers (0/19) ...
  Generating static pages using 7 workers (4/19) 
  Generating static pages using 7 workers (9/19) 
  Generating static pages using 7 workers (14/19) 
✓ Generating static pages using 7 workers (19/19) in 619ms
  Finalizing page optimization ...
  Collecting build traces ...

Route (app)
┌ ○ /
├ ○ /_not-found
├ ƒ /api/alerts
├ ƒ /api/alerts/active
├ ƒ /api/analytics/summary
├ ƒ /api/auth/[...nextauth]
├ ƒ /api/auth/signup
├ ƒ /api/notifications
├ ƒ /api/requests
├ ƒ /api/requests/[id]
├ ƒ /api/requests/[id]/claim
├ ƒ /api/requests/[id]/status
├ ƒ /api/requests/nearby
├ ƒ /api/requests/sync
├ ○ /coordinator
├ ○ /dashboard
├ ○ /login
├ ○ /my-requests
├ ○ /notifications
├ ƒ /requests/[id]
├ ○ /requests/new
└ ○ /signup


ƒ Proxy (Middleware)

○  (Static)   prerendered as static content
ƒ  (Dynamic)  server-rendered on demand

